[0.019s] Invoking command in '/home/joshikanamani/Ros2/Projects/TurtleSimController/ros2_ws/build/turtle_controller': CMAKE_PREFIX_PATH=${CMAKE_PREFIX_PATH}:/opt/ros/foxy /usr/local/bin/cmake --build /home/joshikanamani/Ros2/Projects/TurtleSimController/ros2_ws/build/turtle_controller -- -j8 -l8
[0.046s] [100%] Built target turtle_controller
[0.051s] Invoked command in '/home/joshikanamani/Ros2/Projects/TurtleSimController/ros2_ws/build/turtle_controller' returned '0': CMAKE_PREFIX_PATH=${CMAKE_PREFIX_PATH}:/opt/ros/foxy /usr/local/bin/cmake --build /home/joshikanamani/Ros2/Projects/TurtleSimController/ros2_ws/build/turtle_controller -- -j8 -l8
[0.060s] Invoking command in '/home/joshikanamani/Ros2/Projects/TurtleSimController/ros2_ws/build/turtle_controller': CMAKE_PREFIX_PATH=${CMAKE_PREFIX_PATH}:/opt/ros/foxy /usr/local/bin/cmake --install /home/joshikanamani/Ros2/Projects/TurtleSimController/ros2_ws/build/turtle_controller
[0.063s] -- Install configuration: ""
[0.063s] -- Up-to-date: /home/joshikanamani/Ros2/Projects/TurtleSimController/ros2_ws/install/turtle_controller/lib/turtle_controller/turtle_controller
[0.063s] -- Up-to-date: /home/joshikanamani/Ros2/Projects/TurtleSimController/ros2_ws/install/turtle_controller/share/ament_index/resource_index/package_run_dependencies/turtle_controller
[0.063s] -- Up-to-date: /home/joshikanamani/Ros2/Projects/TurtleSimController/ros2_ws/install/turtle_controller/share/ament_index/resource_index/parent_prefix_path/turtle_controller
[0.063s] -- Up-to-date: /home/joshikanamani/Ros2/Projects/TurtleSimController/ros2_ws/install/turtle_controller/share/turtle_controller/environment/ament_prefix_path.sh
[0.063s] -- Up-to-date: /home/joshikanamani/Ros2/Projects/TurtleSimController/ros2_ws/install/turtle_controller/share/turtle_controller/environment/ament_prefix_path.dsv
[0.063s] -- Up-to-date: /home/joshikanamani/Ros2/Projects/TurtleSimController/ros2_ws/install/turtle_controller/share/turtle_controller/environment/path.sh
[0.063s] -- Up-to-date: /home/joshikanamani/Ros2/Projects/TurtleSimController/ros2_ws/install/turtle_controller/share/turtle_controller/environment/path.dsv
[0.063s] -- Up-to-date: /home/joshikanamani/Ros2/Projects/TurtleSimController/ros2_ws/install/turtle_controller/share/turtle_controller/local_setup.bash
[0.063s] -- Up-to-date: /home/joshikanamani/Ros2/Projects/TurtleSimController/ros2_ws/install/turtle_controller/share/turtle_controller/local_setup.sh
[0.064s] -- Up-to-date: /home/joshikanamani/Ros2/Projects/TurtleSimController/ros2_ws/install/turtle_controller/share/turtle_controller/local_setup.zsh
[0.064s] -- Up-to-date: /home/joshikanamani/Ros2/Projects/TurtleSimController/ros2_ws/install/turtle_controller/share/turtle_controller/local_setup.dsv
[0.064s] -- Installing: /home/joshikanamani/Ros2/Projects/TurtleSimController/ros2_ws/install/turtle_controller/share/turtle_controller/package.dsv
[0.064s] -- Up-to-date: /home/joshikanamani/Ros2/Projects/TurtleSimController/ros2_ws/install/turtle_controller/share/ament_index/resource_index/packages/turtle_controller
[0.064s] -- Up-to-date: /home/joshikanamani/Ros2/Projects/TurtleSimController/ros2_ws/install/turtle_controller/share/turtle_controller/cmake/turtle_controllerConfig.cmake
[0.064s] -- Up-to-date: /home/joshikanamani/Ros2/Projects/TurtleSimController/ros2_ws/install/turtle_controller/share/turtle_controller/cmake/turtle_controllerConfig-version.cmake
[0.064s] -- Up-to-date: /home/joshikanamani/Ros2/Projects/TurtleSimController/ros2_ws/install/turtle_controller/share/turtle_controller/package.xml
[0.065s] Invoked command in '/home/joshikanamani/Ros2/Projects/TurtleSimController/ros2_ws/build/turtle_controller' returned '0': CMAKE_PREFIX_PATH=${CMAKE_PREFIX_PATH}:/opt/ros/foxy /usr/local/bin/cmake --install /home/joshikanamani/Ros2/Projects/TurtleSimController/ros2_ws/build/turtle_controller
