[0.206s] DEBUG:colcon:Command line arguments: ['/usr/bin/colcon', 'build']
[0.206s] DEBUG:colcon:Parsed command line arguments: Namespace(allow_overriding=[], ament_cmake_args=None, base_paths=['.'], build_base='build', catkin_cmake_args=None, catkin_skip_building_tests=False, cmake_args=None, cmake_clean_cache=False, cmake_clean_first=False, cmake_force_configure=False, cmake_target=None, cmake_target_skip_unavailable=False, continue_on_error=False, event_handlers=None, executor='parallel', ignore_user_meta=False, install_base='install', log_base=None, log_level=None, main=<bound method BuildVerb.main of <colcon_core.verb.build.BuildVerb object at 0x7f4098ea6d60>>, merge_install=False, metas=['./colcon.meta'], mixin=None, mixin_files=None, mixin_verb=('build',), packages_above=None, packages_above_and_dependencies=None, packages_above_depth=None, packages_end=None, packages_ignore=None, packages_ignore_regex=None, packages_select=None, packages_select_build_failed=False, packages_select_by_dep=None, packages_select_regex=None, packages_select_test_failures=False, packages_skip=None, packages_skip_build_finished=False, packages_skip_by_dep=None, packages_skip_regex=None, packages_skip_test_passed=False, packages_skip_up_to=None, packages_start=None, packages_up_to=None, packages_up_to_regex=None, parallel_workers=8, paths=None, symlink_install=False, test_result_base=None, verb_extension=<colcon_core.verb.build.BuildVerb object at 0x7f4098ea6d60>, verb_name='build', verb_parser=<colcon_mixin.mixin.mixin_argument.MixinArgumentDecorator object at 0x7f4098e314f0>)
[0.388s] Level 1:colcon.colcon_core.package_discovery:discover_packages(colcon_meta) check parameters
[0.388s] Level 1:colcon.colcon_core.package_discovery:discover_packages(recursive) check parameters
[0.388s] Level 1:colcon.colcon_core.package_discovery:discover_packages(ignore) check parameters
[0.388s] Level 1:colcon.colcon_core.package_discovery:discover_packages(path) check parameters
[0.388s] Level 1:colcon.colcon_core.package_discovery:discover_packages(colcon_meta) discover
[0.388s] Level 1:colcon.colcon_core.package_discovery:discover_packages(recursive) discover
[0.388s] INFO:colcon.colcon_core.package_discovery:Crawling recursively for packages in '/home/joshikanamani/Ros2/Projects/TurtleSimController/ros2_ws'
[0.388s] Level 1:colcon.colcon_core.package_identification:_identify(.) by extensions ['ignore', 'ignore_ament_install']
[0.388s] Level 1:colcon.colcon_core.package_identification:_identify(.) by extension 'ignore'
[0.388s] Level 1:colcon.colcon_core.package_identification:_identify(.) by extension 'ignore_ament_install'
[0.388s] Level 1:colcon.colcon_core.package_identification:_identify(.) by extensions ['colcon_pkg']
[0.388s] Level 1:colcon.colcon_core.package_identification:_identify(.) by extension 'colcon_pkg'
[0.388s] Level 1:colcon.colcon_core.package_identification:_identify(.) by extensions ['colcon_meta']
[0.388s] Level 1:colcon.colcon_core.package_identification:_identify(.) by extension 'colcon_meta'
[0.388s] Level 1:colcon.colcon_core.package_identification:_identify(.) by extensions ['ros']
[0.388s] Level 1:colcon.colcon_core.package_identification:_identify(.) by extension 'ros'
[0.417s] Level 1:colcon.colcon_core.package_identification:_identify(.) by extensions ['cmake', 'python']
[0.417s] Level 1:colcon.colcon_core.package_identification:_identify(.) by extension 'cmake'
[0.417s] Level 1:colcon.colcon_core.package_identification:_identify(.) by extension 'python'
[0.417s] Level 1:colcon.colcon_core.package_identification:_identify(.) by extensions ['python_setup_py']
[0.417s] Level 1:colcon.colcon_core.package_identification:_identify(.) by extension 'python_setup_py'
[0.417s] Level 1:colcon.colcon_core.package_identification:_identify(build) by extensions ['ignore', 'ignore_ament_install']
[0.418s] Level 1:colcon.colcon_core.package_identification:_identify(build) by extension 'ignore'
[0.418s] Level 1:colcon.colcon_core.package_identification:_identify(build) ignored
[0.418s] Level 1:colcon.colcon_core.package_identification:_identify(install) by extensions ['ignore', 'ignore_ament_install']
[0.418s] Level 1:colcon.colcon_core.package_identification:_identify(install) by extension 'ignore'
[0.418s] Level 1:colcon.colcon_core.package_identification:_identify(install) ignored
[0.418s] Level 1:colcon.colcon_core.package_identification:_identify(log) by extensions ['ignore', 'ignore_ament_install']
[0.418s] Level 1:colcon.colcon_core.package_identification:_identify(log) by extension 'ignore'
[0.418s] Level 1:colcon.colcon_core.package_identification:_identify(log) ignored
[0.418s] Level 1:colcon.colcon_core.package_identification:_identify(src) by extensions ['ignore', 'ignore_ament_install']
[0.418s] Level 1:colcon.colcon_core.package_identification:_identify(src) by extension 'ignore'
[0.418s] Level 1:colcon.colcon_core.package_identification:_identify(src) by extension 'ignore_ament_install'
[0.418s] Level 1:colcon.colcon_core.package_identification:_identify(src) by extensions ['colcon_pkg']
[0.418s] Level 1:colcon.colcon_core.package_identification:_identify(src) by extension 'colcon_pkg'
[0.418s] Level 1:colcon.colcon_core.package_identification:_identify(src) by extensions ['colcon_meta']
[0.418s] Level 1:colcon.colcon_core.package_identification:_identify(src) by extension 'colcon_meta'
[0.418s] Level 1:colcon.colcon_core.package_identification:_identify(src) by extensions ['ros']
[0.418s] Level 1:colcon.colcon_core.package_identification:_identify(src) by extension 'ros'
[0.419s] Level 1:colcon.colcon_core.package_identification:_identify(src) by extensions ['cmake', 'python']
[0.419s] Level 1:colcon.colcon_core.package_identification:_identify(src) by extension 'cmake'
[0.419s] Level 1:colcon.colcon_core.package_identification:_identify(src) by extension 'python'
[0.419s] Level 1:colcon.colcon_core.package_identification:_identify(src) by extensions ['python_setup_py']
[0.419s] Level 1:colcon.colcon_core.package_identification:_identify(src) by extension 'python_setup_py'
[0.419s] Level 1:colcon.colcon_core.package_identification:_identify(src/turtle_controller) by extensions ['ignore', 'ignore_ament_install']
[0.419s] Level 1:colcon.colcon_core.package_identification:_identify(src/turtle_controller) by extension 'ignore'
[0.419s] Level 1:colcon.colcon_core.package_identification:_identify(src/turtle_controller) by extension 'ignore_ament_install'
[0.419s] Level 1:colcon.colcon_core.package_identification:_identify(src/turtle_controller) by extensions ['colcon_pkg']
[0.419s] Level 1:colcon.colcon_core.package_identification:_identify(src/turtle_controller) by extension 'colcon_pkg'
[0.419s] Level 1:colcon.colcon_core.package_identification:_identify(src/turtle_controller) by extensions ['colcon_meta']
[0.419s] Level 1:colcon.colcon_core.package_identification:_identify(src/turtle_controller) by extension 'colcon_meta'
[0.419s] Level 1:colcon.colcon_core.package_identification:_identify(src/turtle_controller) by extensions ['ros']
[0.419s] Level 1:colcon.colcon_core.package_identification:_identify(src/turtle_controller) by extension 'ros'
[0.421s] DEBUG:colcon.colcon_core.package_identification:Package 'src/turtle_controller' with type 'ros.ament_cmake' and name 'turtle_controller'
[0.421s] Level 1:colcon.colcon_core.package_identification:_identify(src/turtle_keyboard_controller) by extensions ['ignore', 'ignore_ament_install']
[0.421s] Level 1:colcon.colcon_core.package_identification:_identify(src/turtle_keyboard_controller) by extension 'ignore'
[0.422s] Level 1:colcon.colcon_core.package_identification:_identify(src/turtle_keyboard_controller) by extension 'ignore_ament_install'
[0.422s] Level 1:colcon.colcon_core.package_identification:_identify(src/turtle_keyboard_controller) by extensions ['colcon_pkg']
[0.422s] Level 1:colcon.colcon_core.package_identification:_identify(src/turtle_keyboard_controller) by extension 'colcon_pkg'
[0.422s] Level 1:colcon.colcon_core.package_identification:_identify(src/turtle_keyboard_controller) by extensions ['colcon_meta']
[0.422s] Level 1:colcon.colcon_core.package_identification:_identify(src/turtle_keyboard_controller) by extension 'colcon_meta'
[0.422s] Level 1:colcon.colcon_core.package_identification:_identify(src/turtle_keyboard_controller) by extensions ['ros']
[0.422s] Level 1:colcon.colcon_core.package_identification:_identify(src/turtle_keyboard_controller) by extension 'ros'
[0.422s] DEBUG:colcon.colcon_core.package_identification:Package 'src/turtle_keyboard_controller' with type 'ros.ament_cmake' and name 'turtle_keyboard_controller'
[0.422s] Level 1:colcon.colcon_core.package_discovery:discover_packages(recursive) using defaults
[0.423s] Level 1:colcon.colcon_core.package_discovery:discover_packages(ignore) discover
[0.423s] Level 1:colcon.colcon_core.package_discovery:discover_packages(ignore) using defaults
[0.423s] Level 1:colcon.colcon_core.package_discovery:discover_packages(path) discover
[0.423s] Level 1:colcon.colcon_core.package_discovery:discover_packages(path) using defaults
[0.439s] Level 1:colcon.colcon_core.package_discovery:discover_packages(prefix_path) check parameters
[0.439s] Level 1:colcon.colcon_core.package_discovery:discover_packages(prefix_path) discover
[0.441s] DEBUG:colcon.colcon_installed_package_information.package_discovery:Found 6 installed packages in /home/joshikanamani/Ros2/ros2_ws1/install
[0.442s] DEBUG:colcon.colcon_installed_package_information.package_discovery:Found 316 installed packages in /opt/ros/foxy
[0.445s] Level 1:colcon.colcon_core.package_discovery:discover_packages(prefix_path) using defaults
[0.501s] Level 5:colcon.colcon_core.verb:set package 'turtle_controller' build argument 'cmake_args' from command line to 'None'
[0.501s] Level 5:colcon.colcon_core.verb:set package 'turtle_controller' build argument 'cmake_target' from command line to 'None'
[0.501s] Level 5:colcon.colcon_core.verb:set package 'turtle_controller' build argument 'cmake_target_skip_unavailable' from command line to 'False'
[0.501s] Level 5:colcon.colcon_core.verb:set package 'turtle_controller' build argument 'cmake_clean_cache' from command line to 'False'
[0.501s] Level 5:colcon.colcon_core.verb:set package 'turtle_controller' build argument 'cmake_clean_first' from command line to 'False'
[0.501s] Level 5:colcon.colcon_core.verb:set package 'turtle_controller' build argument 'cmake_force_configure' from command line to 'False'
[0.501s] Level 5:colcon.colcon_core.verb:set package 'turtle_controller' build argument 'ament_cmake_args' from command line to 'None'
[0.501s] Level 5:colcon.colcon_core.verb:set package 'turtle_controller' build argument 'catkin_cmake_args' from command line to 'None'
[0.501s] Level 5:colcon.colcon_core.verb:set package 'turtle_controller' build argument 'catkin_skip_building_tests' from command line to 'False'
[0.501s] DEBUG:colcon.colcon_core.verb:Building package 'turtle_controller' with the following arguments: {'ament_cmake_args': None, 'build_base': '/home/joshikanamani/Ros2/Projects/TurtleSimController/ros2_ws/build/turtle_controller', 'catkin_cmake_args': None, 'catkin_skip_building_tests': False, 'cmake_args': None, 'cmake_clean_cache': False, 'cmake_clean_first': False, 'cmake_force_configure': False, 'cmake_target': None, 'cmake_target_skip_unavailable': False, 'install_base': '/home/joshikanamani/Ros2/Projects/TurtleSimController/ros2_ws/install/turtle_controller', 'merge_install': False, 'path': '/home/joshikanamani/Ros2/Projects/TurtleSimController/ros2_ws/src/turtle_controller', 'symlink_install': False, 'test_result_base': None}
[0.502s] Level 5:colcon.colcon_core.verb:set package 'turtle_keyboard_controller' build argument 'cmake_args' from command line to 'None'
[0.502s] Level 5:colcon.colcon_core.verb:set package 'turtle_keyboard_controller' build argument 'cmake_target' from command line to 'None'
[0.502s] Level 5:colcon.colcon_core.verb:set package 'turtle_keyboard_controller' build argument 'cmake_target_skip_unavailable' from command line to 'False'
[0.502s] Level 5:colcon.colcon_core.verb:set package 'turtle_keyboard_controller' build argument 'cmake_clean_cache' from command line to 'False'
[0.502s] Level 5:colcon.colcon_core.verb:set package 'turtle_keyboard_controller' build argument 'cmake_clean_first' from command line to 'False'
[0.502s] Level 5:colcon.colcon_core.verb:set package 'turtle_keyboard_controller' build argument 'cmake_force_configure' from command line to 'False'
[0.502s] Level 5:colcon.colcon_core.verb:set package 'turtle_keyboard_controller' build argument 'ament_cmake_args' from command line to 'None'
[0.502s] Level 5:colcon.colcon_core.verb:set package 'turtle_keyboard_controller' build argument 'catkin_cmake_args' from command line to 'None'
[0.502s] Level 5:colcon.colcon_core.verb:set package 'turtle_keyboard_controller' build argument 'catkin_skip_building_tests' from command line to 'False'
[0.502s] DEBUG:colcon.colcon_core.verb:Building package 'turtle_keyboard_controller' with the following arguments: {'ament_cmake_args': None, 'build_base': '/home/joshikanamani/Ros2/Projects/TurtleSimController/ros2_ws/build/turtle_keyboard_controller', 'catkin_cmake_args': None, 'catkin_skip_building_tests': False, 'cmake_args': None, 'cmake_clean_cache': False, 'cmake_clean_first': False, 'cmake_force_configure': False, 'cmake_target': None, 'cmake_target_skip_unavailable': False, 'install_base': '/home/joshikanamani/Ros2/Projects/TurtleSimController/ros2_ws/install/turtle_keyboard_controller', 'merge_install': False, 'path': '/home/joshikanamani/Ros2/Projects/TurtleSimController/ros2_ws/src/turtle_keyboard_controller', 'symlink_install': False, 'test_result_base': None}
[0.502s] INFO:colcon.colcon_core.executor:Executing jobs using 'parallel' executor
[0.503s] DEBUG:colcon.colcon_parallel_executor.executor.parallel:run_until_complete
[0.503s] INFO:colcon.colcon_ros.task.ament_cmake.build:Building ROS package in '/home/joshikanamani/Ros2/Projects/TurtleSimController/ros2_ws/src/turtle_controller' with build type 'ament_cmake'
[0.504s] INFO:colcon.colcon_cmake.task.cmake.build:Building CMake package in '/home/joshikanamani/Ros2/Projects/TurtleSimController/ros2_ws/src/turtle_controller'
[0.505s] INFO:colcon.colcon_core.plugin_system:Skipping extension 'colcon_core.shell.bat': Not used on non-Windows systems
[0.505s] INFO:colcon.colcon_core.shell:Skip shell extension 'powershell' for command environment: Not usable outside of PowerShell
[0.505s] DEBUG:colcon.colcon_core.shell:Skip shell extension 'dsv' for command environment
[0.510s] INFO:colcon.colcon_ros.task.ament_cmake.build:Building ROS package in '/home/joshikanamani/Ros2/Projects/TurtleSimController/ros2_ws/src/turtle_keyboard_controller' with build type 'ament_cmake'
[0.511s] INFO:colcon.colcon_cmake.task.cmake.build:Building CMake package in '/home/joshikanamani/Ros2/Projects/TurtleSimController/ros2_ws/src/turtle_keyboard_controller'
[0.511s] INFO:colcon.colcon_core.shell:Skip shell extension 'powershell' for command environment: Not usable outside of PowerShell
[0.511s] DEBUG:colcon.colcon_core.shell:Skip shell extension 'dsv' for command environment
[0.523s] DEBUG:colcon.colcon_core.event_handler.log_command:Invoking command in '/home/joshikanamani/Ros2/Projects/TurtleSimController/ros2_ws/build/turtle_controller': CMAKE_PREFIX_PATH=${CMAKE_PREFIX_PATH}:/opt/ros/foxy /usr/local/bin/cmake --build /home/joshikanamani/Ros2/Projects/TurtleSimController/ros2_ws/build/turtle_controller -- -j8 -l8
[0.529s] DEBUG:colcon.colcon_core.event_handler.log_command:Invoking command in '/home/joshikanamani/Ros2/Projects/TurtleSimController/ros2_ws/build/turtle_keyboard_controller': CMAKE_PREFIX_PATH=${CMAKE_PREFIX_PATH}:/opt/ros/foxy /usr/local/bin/cmake /home/joshikanamani/Ros2/Projects/TurtleSimController/ros2_ws/src/turtle_keyboard_controller -DCMAKE_INSTALL_PREFIX=/home/joshikanamani/Ros2/Projects/TurtleSimController/ros2_ws/install/turtle_keyboard_controller
[0.554s] DEBUG:colcon.colcon_core.event_handler.log_command:Invoked command in '/home/joshikanamani/Ros2/Projects/TurtleSimController/ros2_ws/build/turtle_controller' returned '0': CMAKE_PREFIX_PATH=${CMAKE_PREFIX_PATH}:/opt/ros/foxy /usr/local/bin/cmake --build /home/joshikanamani/Ros2/Projects/TurtleSimController/ros2_ws/build/turtle_controller -- -j8 -l8
[0.563s] DEBUG:colcon.colcon_core.event_handler.log_command:Invoking command in '/home/joshikanamani/Ros2/Projects/TurtleSimController/ros2_ws/build/turtle_controller': CMAKE_PREFIX_PATH=${CMAKE_PREFIX_PATH}:/opt/ros/foxy /usr/local/bin/cmake --install /home/joshikanamani/Ros2/Projects/TurtleSimController/ros2_ws/build/turtle_controller
[0.568s] Level 1:colcon.colcon_core.environment:create_environment_scripts_only(turtle_controller)
[0.568s] DEBUG:colcon.colcon_core.event_handler.log_command:Invoked command in '/home/joshikanamani/Ros2/Projects/TurtleSimController/ros2_ws/build/turtle_controller' returned '0': CMAKE_PREFIX_PATH=${CMAKE_PREFIX_PATH}:/opt/ros/foxy /usr/local/bin/cmake --install /home/joshikanamani/Ros2/Projects/TurtleSimController/ros2_ws/build/turtle_controller
[0.570s] Level 1:colcon.colcon_core.environment:checking '/home/joshikanamani/Ros2/Projects/TurtleSimController/ros2_ws/install/turtle_controller' for CMake module files
[0.571s] Level 1:colcon.colcon_core.environment:checking '/home/joshikanamani/Ros2/Projects/TurtleSimController/ros2_ws/install/turtle_controller' for CMake config files
[0.571s] Level 1:colcon.colcon_core.shell:create_environment_hook('turtle_controller', 'cmake_prefix_path')
[0.571s] INFO:colcon.colcon_core.shell:Creating environment hook '/home/joshikanamani/Ros2/Projects/TurtleSimController/ros2_ws/install/turtle_controller/share/turtle_controller/hook/cmake_prefix_path.ps1'
[0.572s] INFO:colcon.colcon_core.shell:Creating environment descriptor '/home/joshikanamani/Ros2/Projects/TurtleSimController/ros2_ws/install/turtle_controller/share/turtle_controller/hook/cmake_prefix_path.dsv'
[0.572s] INFO:colcon.colcon_core.shell:Creating environment hook '/home/joshikanamani/Ros2/Projects/TurtleSimController/ros2_ws/install/turtle_controller/share/turtle_controller/hook/cmake_prefix_path.sh'
[0.573s] Level 1:colcon.colcon_core.environment:checking '/home/joshikanamani/Ros2/Projects/TurtleSimController/ros2_ws/install/turtle_controller/lib'
[0.573s] Level 1:colcon.colcon_core.environment:checking '/home/joshikanamani/Ros2/Projects/TurtleSimController/ros2_ws/install/turtle_controller/bin'
[0.573s] Level 1:colcon.colcon_core.environment:checking '/home/joshikanamani/Ros2/Projects/TurtleSimController/ros2_ws/install/turtle_controller/lib/pkgconfig/turtle_controller.pc'
[0.574s] Level 1:colcon.colcon_core.environment:checking '/home/joshikanamani/Ros2/Projects/TurtleSimController/ros2_ws/install/turtle_controller/lib/python3.8/site-packages'
[0.574s] Level 1:colcon.colcon_core.environment:checking '/home/joshikanamani/Ros2/Projects/TurtleSimController/ros2_ws/install/turtle_controller/bin'
[0.574s] INFO:colcon.colcon_core.shell:Creating package script '/home/joshikanamani/Ros2/Projects/TurtleSimController/ros2_ws/install/turtle_controller/share/turtle_controller/package.ps1'
[0.575s] INFO:colcon.colcon_core.shell:Creating package descriptor '/home/joshikanamani/Ros2/Projects/TurtleSimController/ros2_ws/install/turtle_controller/share/turtle_controller/package.dsv'
[0.575s] INFO:colcon.colcon_core.shell:Creating package script '/home/joshikanamani/Ros2/Projects/TurtleSimController/ros2_ws/install/turtle_controller/share/turtle_controller/package.sh'
[0.576s] INFO:colcon.colcon_core.shell:Creating package script '/home/joshikanamani/Ros2/Projects/TurtleSimController/ros2_ws/install/turtle_controller/share/turtle_controller/package.bash'
[0.576s] INFO:colcon.colcon_core.shell:Creating package script '/home/joshikanamani/Ros2/Projects/TurtleSimController/ros2_ws/install/turtle_controller/share/turtle_controller/package.zsh'
[0.577s] Level 1:colcon.colcon_core.environment:create_file_with_runtime_dependencies(/home/joshikanamani/Ros2/Projects/TurtleSimController/ros2_ws/install/turtle_controller/share/colcon-core/packages/turtle_controller)
[0.578s] Level 1:colcon.colcon_core.environment:create_environment_scripts_only(turtle_controller)
[0.578s] Level 1:colcon.colcon_core.environment:checking '/home/joshikanamani/Ros2/Projects/TurtleSimController/ros2_ws/install/turtle_controller' for CMake module files
[0.578s] Level 1:colcon.colcon_core.environment:checking '/home/joshikanamani/Ros2/Projects/TurtleSimController/ros2_ws/install/turtle_controller' for CMake config files
[0.578s] Level 1:colcon.colcon_core.shell:create_environment_hook('turtle_controller', 'cmake_prefix_path')
[0.578s] INFO:colcon.colcon_core.shell:Creating environment hook '/home/joshikanamani/Ros2/Projects/TurtleSimController/ros2_ws/install/turtle_controller/share/turtle_controller/hook/cmake_prefix_path.ps1'
[0.579s] INFO:colcon.colcon_core.shell:Creating environment descriptor '/home/joshikanamani/Ros2/Projects/TurtleSimController/ros2_ws/install/turtle_controller/share/turtle_controller/hook/cmake_prefix_path.dsv'
[0.579s] INFO:colcon.colcon_core.shell:Creating environment hook '/home/joshikanamani/Ros2/Projects/TurtleSimController/ros2_ws/install/turtle_controller/share/turtle_controller/hook/cmake_prefix_path.sh'
[0.580s] Level 1:colcon.colcon_core.environment:checking '/home/joshikanamani/Ros2/Projects/TurtleSimController/ros2_ws/install/turtle_controller/lib'
[0.580s] Level 1:colcon.colcon_core.environment:checking '/home/joshikanamani/Ros2/Projects/TurtleSimController/ros2_ws/install/turtle_controller/bin'
[0.580s] Level 1:colcon.colcon_core.environment:checking '/home/joshikanamani/Ros2/Projects/TurtleSimController/ros2_ws/install/turtle_controller/lib/pkgconfig/turtle_controller.pc'
[0.580s] Level 1:colcon.colcon_core.environment:checking '/home/joshikanamani/Ros2/Projects/TurtleSimController/ros2_ws/install/turtle_controller/lib/python3.8/site-packages'
[0.580s] Level 1:colcon.colcon_core.environment:checking '/home/joshikanamani/Ros2/Projects/TurtleSimController/ros2_ws/install/turtle_controller/bin'
[0.580s] INFO:colcon.colcon_core.shell:Creating package script '/home/joshikanamani/Ros2/Projects/TurtleSimController/ros2_ws/install/turtle_controller/share/turtle_controller/package.ps1'
[0.581s] INFO:colcon.colcon_core.shell:Creating package descriptor '/home/joshikanamani/Ros2/Projects/TurtleSimController/ros2_ws/install/turtle_controller/share/turtle_controller/package.dsv'
[0.581s] INFO:colcon.colcon_core.shell:Creating package script '/home/joshikanamani/Ros2/Projects/TurtleSimController/ros2_ws/install/turtle_controller/share/turtle_controller/package.sh'
[0.581s] INFO:colcon.colcon_core.shell:Creating package script '/home/joshikanamani/Ros2/Projects/TurtleSimController/ros2_ws/install/turtle_controller/share/turtle_controller/package.bash'
[0.582s] INFO:colcon.colcon_core.shell:Creating package script '/home/joshikanamani/Ros2/Projects/TurtleSimController/ros2_ws/install/turtle_controller/share/turtle_controller/package.zsh'
[0.582s] Level 1:colcon.colcon_core.environment:create_file_with_runtime_dependencies(/home/joshikanamani/Ros2/Projects/TurtleSimController/ros2_ws/install/turtle_controller/share/colcon-core/packages/turtle_controller)
[1.259s] DEBUG:colcon.colcon_core.event_handler.log_command:Invoked command in '/home/joshikanamani/Ros2/Projects/TurtleSimController/ros2_ws/build/turtle_keyboard_controller' returned '0': CMAKE_PREFIX_PATH=${CMAKE_PREFIX_PATH}:/opt/ros/foxy /usr/local/bin/cmake /home/joshikanamani/Ros2/Projects/TurtleSimController/ros2_ws/src/turtle_keyboard_controller -DCMAKE_INSTALL_PREFIX=/home/joshikanamani/Ros2/Projects/TurtleSimController/ros2_ws/install/turtle_keyboard_controller
[1.263s] DEBUG:colcon.colcon_core.event_handler.log_command:Invoking command in '/home/joshikanamani/Ros2/Projects/TurtleSimController/ros2_ws/build/turtle_keyboard_controller': CMAKE_PREFIX_PATH=${CMAKE_PREFIX_PATH}:/opt/ros/foxy /usr/local/bin/cmake --build /home/joshikanamani/Ros2/Projects/TurtleSimController/ros2_ws/build/turtle_keyboard_controller -- -j8 -l8
[4.248s] DEBUG:colcon.colcon_core.event_handler.log_command:Invoked command in '/home/joshikanamani/Ros2/Projects/TurtleSimController/ros2_ws/build/turtle_keyboard_controller' returned '0': CMAKE_PREFIX_PATH=${CMAKE_PREFIX_PATH}:/opt/ros/foxy /usr/local/bin/cmake --build /home/joshikanamani/Ros2/Projects/TurtleSimController/ros2_ws/build/turtle_keyboard_controller -- -j8 -l8
[4.251s] DEBUG:colcon.colcon_core.event_handler.log_command:Invoking command in '/home/joshikanamani/Ros2/Projects/TurtleSimController/ros2_ws/build/turtle_keyboard_controller': CMAKE_PREFIX_PATH=${CMAKE_PREFIX_PATH}:/opt/ros/foxy /usr/local/bin/cmake --install /home/joshikanamani/Ros2/Projects/TurtleSimController/ros2_ws/build/turtle_keyboard_controller
[4.257s] Level 1:colcon.colcon_core.environment:create_environment_scripts_only(turtle_keyboard_controller)
[4.258s] DEBUG:colcon.colcon_core.event_handler.log_command:Invoked command in '/home/joshikanamani/Ros2/Projects/TurtleSimController/ros2_ws/build/turtle_keyboard_controller' returned '0': CMAKE_PREFIX_PATH=${CMAKE_PREFIX_PATH}:/opt/ros/foxy /usr/local/bin/cmake --install /home/joshikanamani/Ros2/Projects/TurtleSimController/ros2_ws/build/turtle_keyboard_controller
[4.258s] Level 1:colcon.colcon_core.environment:checking '/home/joshikanamani/Ros2/Projects/TurtleSimController/ros2_ws/install/turtle_keyboard_controller' for CMake module files
[4.258s] Level 1:colcon.colcon_core.environment:checking '/home/joshikanamani/Ros2/Projects/TurtleSimController/ros2_ws/install/turtle_keyboard_controller' for CMake config files
[4.259s] Level 1:colcon.colcon_core.shell:create_environment_hook('turtle_keyboard_controller', 'cmake_prefix_path')
[4.259s] INFO:colcon.colcon_core.shell:Creating environment hook '/home/joshikanamani/Ros2/Projects/TurtleSimController/ros2_ws/install/turtle_keyboard_controller/share/turtle_keyboard_controller/hook/cmake_prefix_path.ps1'
[4.259s] INFO:colcon.colcon_core.shell:Creating environment descriptor '/home/joshikanamani/Ros2/Projects/TurtleSimController/ros2_ws/install/turtle_keyboard_controller/share/turtle_keyboard_controller/hook/cmake_prefix_path.dsv'
[4.260s] INFO:colcon.colcon_core.shell:Creating environment hook '/home/joshikanamani/Ros2/Projects/TurtleSimController/ros2_ws/install/turtle_keyboard_controller/share/turtle_keyboard_controller/hook/cmake_prefix_path.sh'
[4.260s] Level 1:colcon.colcon_core.environment:checking '/home/joshikanamani/Ros2/Projects/TurtleSimController/ros2_ws/install/turtle_keyboard_controller/lib'
[4.260s] Level 1:colcon.colcon_core.environment:checking '/home/joshikanamani/Ros2/Projects/TurtleSimController/ros2_ws/install/turtle_keyboard_controller/bin'
[4.260s] Level 1:colcon.colcon_core.environment:checking '/home/joshikanamani/Ros2/Projects/TurtleSimController/ros2_ws/install/turtle_keyboard_controller/lib/pkgconfig/turtle_keyboard_controller.pc'
[4.261s] Level 1:colcon.colcon_core.environment:checking '/home/joshikanamani/Ros2/Projects/TurtleSimController/ros2_ws/install/turtle_keyboard_controller/lib/python3.8/site-packages'
[4.261s] Level 1:colcon.colcon_core.environment:checking '/home/joshikanamani/Ros2/Projects/TurtleSimController/ros2_ws/install/turtle_keyboard_controller/bin'
[4.261s] INFO:colcon.colcon_core.shell:Creating package script '/home/joshikanamani/Ros2/Projects/TurtleSimController/ros2_ws/install/turtle_keyboard_controller/share/turtle_keyboard_controller/package.ps1'
[4.262s] INFO:colcon.colcon_core.shell:Creating package descriptor '/home/joshikanamani/Ros2/Projects/TurtleSimController/ros2_ws/install/turtle_keyboard_controller/share/turtle_keyboard_controller/package.dsv'
[4.262s] INFO:colcon.colcon_core.shell:Creating package script '/home/joshikanamani/Ros2/Projects/TurtleSimController/ros2_ws/install/turtle_keyboard_controller/share/turtle_keyboard_controller/package.sh'
[4.263s] INFO:colcon.colcon_core.shell:Creating package script '/home/joshikanamani/Ros2/Projects/TurtleSimController/ros2_ws/install/turtle_keyboard_controller/share/turtle_keyboard_controller/package.bash'
[4.263s] INFO:colcon.colcon_core.shell:Creating package script '/home/joshikanamani/Ros2/Projects/TurtleSimController/ros2_ws/install/turtle_keyboard_controller/share/turtle_keyboard_controller/package.zsh'
[4.263s] Level 1:colcon.colcon_core.environment:create_file_with_runtime_dependencies(/home/joshikanamani/Ros2/Projects/TurtleSimController/ros2_ws/install/turtle_keyboard_controller/share/colcon-core/packages/turtle_keyboard_controller)
[4.264s] Level 1:colcon.colcon_core.environment:create_environment_scripts_only(turtle_keyboard_controller)
[4.264s] Level 1:colcon.colcon_core.environment:checking '/home/joshikanamani/Ros2/Projects/TurtleSimController/ros2_ws/install/turtle_keyboard_controller' for CMake module files
[4.265s] Level 1:colcon.colcon_core.environment:checking '/home/joshikanamani/Ros2/Projects/TurtleSimController/ros2_ws/install/turtle_keyboard_controller' for CMake config files
[4.265s] Level 1:colcon.colcon_core.shell:create_environment_hook('turtle_keyboard_controller', 'cmake_prefix_path')
[4.265s] INFO:colcon.colcon_core.shell:Creating environment hook '/home/joshikanamani/Ros2/Projects/TurtleSimController/ros2_ws/install/turtle_keyboard_controller/share/turtle_keyboard_controller/hook/cmake_prefix_path.ps1'
[4.266s] INFO:colcon.colcon_core.shell:Creating environment descriptor '/home/joshikanamani/Ros2/Projects/TurtleSimController/ros2_ws/install/turtle_keyboard_controller/share/turtle_keyboard_controller/hook/cmake_prefix_path.dsv'
[4.266s] INFO:colcon.colcon_core.shell:Creating environment hook '/home/joshikanamani/Ros2/Projects/TurtleSimController/ros2_ws/install/turtle_keyboard_controller/share/turtle_keyboard_controller/hook/cmake_prefix_path.sh'
[4.267s] Level 1:colcon.colcon_core.environment:checking '/home/joshikanamani/Ros2/Projects/TurtleSimController/ros2_ws/install/turtle_keyboard_controller/lib'
[4.267s] Level 1:colcon.colcon_core.environment:checking '/home/joshikanamani/Ros2/Projects/TurtleSimController/ros2_ws/install/turtle_keyboard_controller/bin'
[4.267s] Level 1:colcon.colcon_core.environment:checking '/home/joshikanamani/Ros2/Projects/TurtleSimController/ros2_ws/install/turtle_keyboard_controller/lib/pkgconfig/turtle_keyboard_controller.pc'
[4.267s] Level 1:colcon.colcon_core.environment:checking '/home/joshikanamani/Ros2/Projects/TurtleSimController/ros2_ws/install/turtle_keyboard_controller/lib/python3.8/site-packages'
[4.267s] Level 1:colcon.colcon_core.environment:checking '/home/joshikanamani/Ros2/Projects/TurtleSimController/ros2_ws/install/turtle_keyboard_controller/bin'
[4.268s] INFO:colcon.colcon_core.shell:Creating package script '/home/joshikanamani/Ros2/Projects/TurtleSimController/ros2_ws/install/turtle_keyboard_controller/share/turtle_keyboard_controller/package.ps1'
[4.268s] INFO:colcon.colcon_core.shell:Creating package descriptor '/home/joshikanamani/Ros2/Projects/TurtleSimController/ros2_ws/install/turtle_keyboard_controller/share/turtle_keyboard_controller/package.dsv'
[4.269s] INFO:colcon.colcon_core.shell:Creating package script '/home/joshikanamani/Ros2/Projects/TurtleSimController/ros2_ws/install/turtle_keyboard_controller/share/turtle_keyboard_controller/package.sh'
[4.270s] INFO:colcon.colcon_core.shell:Creating package script '/home/joshikanamani/Ros2/Projects/TurtleSimController/ros2_ws/install/turtle_keyboard_controller/share/turtle_keyboard_controller/package.bash'
[4.270s] INFO:colcon.colcon_core.shell:Creating package script '/home/joshikanamani/Ros2/Projects/TurtleSimController/ros2_ws/install/turtle_keyboard_controller/share/turtle_keyboard_controller/package.zsh'
[4.271s] Level 1:colcon.colcon_core.environment:create_file_with_runtime_dependencies(/home/joshikanamani/Ros2/Projects/TurtleSimController/ros2_ws/install/turtle_keyboard_controller/share/colcon-core/packages/turtle_keyboard_controller)
[4.272s] DEBUG:colcon.colcon_parallel_executor.executor.parallel:closing loop
[4.272s] DEBUG:colcon.colcon_parallel_executor.executor.parallel:loop closed
[4.273s] DEBUG:colcon.colcon_parallel_executor.executor.parallel:run_until_complete finished with '0'
[4.273s] DEBUG:colcon.colcon_core.event_reactor:joining thread
[4.283s] INFO:colcon.colcon_core.plugin_system:Skipping extension 'colcon_notification.desktop_notification.terminal_notifier': Not used on non-Darwin systems
[4.284s] INFO:colcon.colcon_core.plugin_system:Skipping extension 'colcon_notification.desktop_notification.win32': Not used on non-Windows systems
[4.284s] INFO:colcon.colcon_notification.desktop_notification:Sending desktop notification using 'notify2'
[4.319s] DEBUG:colcon.colcon_core.event_reactor:joined thread
[4.319s] INFO:colcon.colcon_core.shell:Creating prefix script '/home/joshikanamani/Ros2/Projects/TurtleSimController/ros2_ws/install/local_setup.ps1'
[4.321s] INFO:colcon.colcon_core.shell:Creating prefix util module '/home/joshikanamani/Ros2/Projects/TurtleSimController/ros2_ws/install/_local_setup_util_ps1.py'
[4.324s] INFO:colcon.colcon_core.shell:Creating prefix chain script '/home/joshikanamani/Ros2/Projects/TurtleSimController/ros2_ws/install/setup.ps1'
[4.327s] INFO:colcon.colcon_core.shell:Creating prefix script '/home/joshikanamani/Ros2/Projects/TurtleSimController/ros2_ws/install/local_setup.sh'
[4.328s] INFO:colcon.colcon_core.shell:Creating prefix util module '/home/joshikanamani/Ros2/Projects/TurtleSimController/ros2_ws/install/_local_setup_util_sh.py'
[4.329s] INFO:colcon.colcon_core.shell:Creating prefix chain script '/home/joshikanamani/Ros2/Projects/TurtleSimController/ros2_ws/install/setup.sh'
[4.331s] INFO:colcon.colcon_core.shell:Creating prefix script '/home/joshikanamani/Ros2/Projects/TurtleSimController/ros2_ws/install/local_setup.bash'
[4.332s] INFO:colcon.colcon_core.shell:Creating prefix chain script '/home/joshikanamani/Ros2/Projects/TurtleSimController/ros2_ws/install/setup.bash'
[4.334s] INFO:colcon.colcon_core.shell:Creating prefix script '/home/joshikanamani/Ros2/Projects/TurtleSimController/ros2_ws/install/local_setup.zsh'
[4.335s] INFO:colcon.colcon_core.shell:Creating prefix chain script '/home/joshikanamani/Ros2/Projects/TurtleSimController/ros2_ws/install/setup.zsh'
