[0.208s] DEBUG:colcon:Command line arguments: ['/usr/bin/colcon', 'build']
[0.208s] DEBUG:colcon:Parsed command line arguments: Namespace(allow_overriding=[], ament_cmake_args=None, base_paths=['.'], build_base='build', catkin_cmake_args=None, catkin_skip_building_tests=False, cmake_args=None, cmake_clean_cache=False, cmake_clean_first=False, cmake_force_configure=False, cmake_target=None, cmake_target_skip_unavailable=False, continue_on_error=False, event_handlers=None, executor='parallel', ignore_user_meta=False, install_base='install', log_base=None, log_level=None, main=<bound method BuildVerb.main of <colcon_core.verb.build.BuildVerb object at 0x7fd54d96dd60>>, merge_install=False, metas=['./colcon.meta'], mixin=None, mixin_files=None, mixin_verb=('build',), packages_above=None, packages_above_and_dependencies=None, packages_above_depth=None, packages_end=None, packages_ignore=None, packages_ignore_regex=None, packages_select=None, packages_select_build_failed=False, packages_select_by_dep=None, packages_select_regex=None, packages_select_test_failures=False, packages_skip=None, packages_skip_build_finished=False, packages_skip_by_dep=None, packages_skip_regex=None, packages_skip_test_passed=False, packages_skip_up_to=None, packages_start=None, packages_up_to=None, packages_up_to_regex=None, parallel_workers=8, paths=None, symlink_install=False, test_result_base=None, verb_extension=<colcon_core.verb.build.BuildVerb object at 0x7fd54d96dd60>, verb_name='build', verb_parser=<colcon_mixin.mixin.mixin_argument.MixinArgumentDecorator object at 0x7fd54d8f84f0>)
[0.388s] Level 1:colcon.colcon_core.package_discovery:discover_packages(colcon_meta) check parameters
[0.388s] Level 1:colcon.colcon_core.package_discovery:discover_packages(recursive) check parameters
[0.388s] Level 1:colcon.colcon_core.package_discovery:discover_packages(ignore) check parameters
[0.388s] Level 1:colcon.colcon_core.package_discovery:discover_packages(path) check parameters
[0.388s] Level 1:colcon.colcon_core.package_discovery:discover_packages(colcon_meta) discover
[0.388s] Level 1:colcon.colcon_core.package_discovery:discover_packages(recursive) discover
[0.389s] INFO:colcon.colcon_core.package_discovery:Crawling recursively for packages in '/home/joshikanamani/Ros2/Projects/TurtleSimController/ros2_ws'
[0.389s] Level 1:colcon.colcon_core.package_identification:_identify(.) by extensions ['ignore', 'ignore_ament_install']
[0.389s] Level 1:colcon.colcon_core.package_identification:_identify(.) by extension 'ignore'
[0.389s] Level 1:colcon.colcon_core.package_identification:_identify(.) by extension 'ignore_ament_install'
[0.389s] Level 1:colcon.colcon_core.package_identification:_identify(.) by extensions ['colcon_pkg']
[0.389s] Level 1:colcon.colcon_core.package_identification:_identify(.) by extension 'colcon_pkg'
[0.389s] Level 1:colcon.colcon_core.package_identification:_identify(.) by extensions ['colcon_meta']
[0.389s] Level 1:colcon.colcon_core.package_identification:_identify(.) by extension 'colcon_meta'
[0.389s] Level 1:colcon.colcon_core.package_identification:_identify(.) by extensions ['ros']
[0.389s] Level 1:colcon.colcon_core.package_identification:_identify(.) by extension 'ros'
[0.417s] Level 1:colcon.colcon_core.package_identification:_identify(.) by extensions ['cmake', 'python']
[0.418s] Level 1:colcon.colcon_core.package_identification:_identify(.) by extension 'cmake'
[0.418s] Level 1:colcon.colcon_core.package_identification:_identify(.) by extension 'python'
[0.418s] Level 1:colcon.colcon_core.package_identification:_identify(.) by extensions ['python_setup_py']
[0.418s] Level 1:colcon.colcon_core.package_identification:_identify(.) by extension 'python_setup_py'
[0.418s] Level 1:colcon.colcon_core.package_identification:_identify(build) by extensions ['ignore', 'ignore_ament_install']
[0.418s] Level 1:colcon.colcon_core.package_identification:_identify(build) by extension 'ignore'
[0.418s] Level 1:colcon.colcon_core.package_identification:_identify(build) ignored
[0.418s] Level 1:colcon.colcon_core.package_identification:_identify(install) by extensions ['ignore', 'ignore_ament_install']
[0.418s] Level 1:colcon.colcon_core.package_identification:_identify(install) by extension 'ignore'
[0.418s] Level 1:colcon.colcon_core.package_identification:_identify(install) ignored
[0.418s] Level 1:colcon.colcon_core.package_identification:_identify(log) by extensions ['ignore', 'ignore_ament_install']
[0.418s] Level 1:colcon.colcon_core.package_identification:_identify(log) by extension 'ignore'
[0.418s] Level 1:colcon.colcon_core.package_identification:_identify(log) ignored
[0.418s] Level 1:colcon.colcon_core.package_identification:_identify(src) by extensions ['ignore', 'ignore_ament_install']
[0.418s] Level 1:colcon.colcon_core.package_identification:_identify(src) by extension 'ignore'
[0.419s] Level 1:colcon.colcon_core.package_identification:_identify(src) by extension 'ignore_ament_install'
[0.419s] Level 1:colcon.colcon_core.package_identification:_identify(src) by extensions ['colcon_pkg']
[0.419s] Level 1:colcon.colcon_core.package_identification:_identify(src) by extension 'colcon_pkg'
[0.419s] Level 1:colcon.colcon_core.package_identification:_identify(src) by extensions ['colcon_meta']
[0.419s] Level 1:colcon.colcon_core.package_identification:_identify(src) by extension 'colcon_meta'
[0.419s] Level 1:colcon.colcon_core.package_identification:_identify(src) by extensions ['ros']
[0.419s] Level 1:colcon.colcon_core.package_identification:_identify(src) by extension 'ros'
[0.419s] Level 1:colcon.colcon_core.package_identification:_identify(src) by extensions ['cmake', 'python']
[0.419s] Level 1:colcon.colcon_core.package_identification:_identify(src) by extension 'cmake'
[0.419s] Level 1:colcon.colcon_core.package_identification:_identify(src) by extension 'python'
[0.419s] Level 1:colcon.colcon_core.package_identification:_identify(src) by extensions ['python_setup_py']
[0.419s] Level 1:colcon.colcon_core.package_identification:_identify(src) by extension 'python_setup_py'
[0.419s] Level 1:colcon.colcon_core.package_identification:_identify(src/turtle_controller) by extensions ['ignore', 'ignore_ament_install']
[0.419s] Level 1:colcon.colcon_core.package_identification:_identify(src/turtle_controller) by extension 'ignore'
[0.419s] Level 1:colcon.colcon_core.package_identification:_identify(src/turtle_controller) by extension 'ignore_ament_install'
[0.419s] Level 1:colcon.colcon_core.package_identification:_identify(src/turtle_controller) by extensions ['colcon_pkg']
[0.419s] Level 1:colcon.colcon_core.package_identification:_identify(src/turtle_controller) by extension 'colcon_pkg'
[0.419s] Level 1:colcon.colcon_core.package_identification:_identify(src/turtle_controller) by extensions ['colcon_meta']
[0.419s] Level 1:colcon.colcon_core.package_identification:_identify(src/turtle_controller) by extension 'colcon_meta'
[0.419s] Level 1:colcon.colcon_core.package_identification:_identify(src/turtle_controller) by extensions ['ros']
[0.419s] Level 1:colcon.colcon_core.package_identification:_identify(src/turtle_controller) by extension 'ros'
[0.422s] DEBUG:colcon.colcon_core.package_identification:Package 'src/turtle_controller' with type 'ros.ament_cmake' and name 'turtle_controller'
[0.422s] Level 1:colcon.colcon_core.package_identification:_identify(src/turtle_keyboard_controller) by extensions ['ignore', 'ignore_ament_install']
[0.422s] Level 1:colcon.colcon_core.package_identification:_identify(src/turtle_keyboard_controller) by extension 'ignore'
[0.422s] Level 1:colcon.colcon_core.package_identification:_identify(src/turtle_keyboard_controller) by extension 'ignore_ament_install'
[0.422s] Level 1:colcon.colcon_core.package_identification:_identify(src/turtle_keyboard_controller) by extensions ['colcon_pkg']
[0.422s] Level 1:colcon.colcon_core.package_identification:_identify(src/turtle_keyboard_controller) by extension 'colcon_pkg'
[0.422s] Level 1:colcon.colcon_core.package_identification:_identify(src/turtle_keyboard_controller) by extensions ['colcon_meta']
[0.422s] Level 1:colcon.colcon_core.package_identification:_identify(src/turtle_keyboard_controller) by extension 'colcon_meta'
[0.422s] Level 1:colcon.colcon_core.package_identification:_identify(src/turtle_keyboard_controller) by extensions ['ros']
[0.422s] Level 1:colcon.colcon_core.package_identification:_identify(src/turtle_keyboard_controller) by extension 'ros'
[0.423s] DEBUG:colcon.colcon_core.package_identification:Package 'src/turtle_keyboard_controller' with type 'ros.ament_cmake' and name 'turtle_keyboard_controller'
[0.423s] Level 1:colcon.colcon_core.package_discovery:discover_packages(recursive) using defaults
[0.423s] Level 1:colcon.colcon_core.package_discovery:discover_packages(ignore) discover
[0.423s] Level 1:colcon.colcon_core.package_discovery:discover_packages(ignore) using defaults
[0.423s] Level 1:colcon.colcon_core.package_discovery:discover_packages(path) discover
[0.423s] Level 1:colcon.colcon_core.package_discovery:discover_packages(path) using defaults
[0.440s] Level 1:colcon.colcon_core.package_discovery:discover_packages(prefix_path) check parameters
[0.440s] Level 1:colcon.colcon_core.package_discovery:discover_packages(prefix_path) discover
[0.441s] DEBUG:colcon.colcon_installed_package_information.package_discovery:Found 6 installed packages in /home/joshikanamani/Ros2/ros2_ws1/install
[0.442s] DEBUG:colcon.colcon_installed_package_information.package_discovery:Found 316 installed packages in /opt/ros/foxy
[0.445s] Level 1:colcon.colcon_core.package_discovery:discover_packages(prefix_path) using defaults
[0.501s] Level 5:colcon.colcon_core.verb:set package 'turtle_controller' build argument 'cmake_args' from command line to 'None'
[0.501s] Level 5:colcon.colcon_core.verb:set package 'turtle_controller' build argument 'cmake_target' from command line to 'None'
[0.501s] Level 5:colcon.colcon_core.verb:set package 'turtle_controller' build argument 'cmake_target_skip_unavailable' from command line to 'False'
[0.501s] Level 5:colcon.colcon_core.verb:set package 'turtle_controller' build argument 'cmake_clean_cache' from command line to 'False'
[0.501s] Level 5:colcon.colcon_core.verb:set package 'turtle_controller' build argument 'cmake_clean_first' from command line to 'False'
[0.501s] Level 5:colcon.colcon_core.verb:set package 'turtle_controller' build argument 'cmake_force_configure' from command line to 'False'
[0.501s] Level 5:colcon.colcon_core.verb:set package 'turtle_controller' build argument 'ament_cmake_args' from command line to 'None'
[0.501s] Level 5:colcon.colcon_core.verb:set package 'turtle_controller' build argument 'catkin_cmake_args' from command line to 'None'
[0.501s] Level 5:colcon.colcon_core.verb:set package 'turtle_controller' build argument 'catkin_skip_building_tests' from command line to 'False'
[0.501s] DEBUG:colcon.colcon_core.verb:Building package 'turtle_controller' with the following arguments: {'ament_cmake_args': None, 'build_base': '/home/joshikanamani/Ros2/Projects/TurtleSimController/ros2_ws/build/turtle_controller', 'catkin_cmake_args': None, 'catkin_skip_building_tests': False, 'cmake_args': None, 'cmake_clean_cache': False, 'cmake_clean_first': False, 'cmake_force_configure': False, 'cmake_target': None, 'cmake_target_skip_unavailable': False, 'install_base': '/home/joshikanamani/Ros2/Projects/TurtleSimController/ros2_ws/install/turtle_controller', 'merge_install': False, 'path': '/home/joshikanamani/Ros2/Projects/TurtleSimController/ros2_ws/src/turtle_controller', 'symlink_install': False, 'test_result_base': None}
[0.501s] Level 5:colcon.colcon_core.verb:set package 'turtle_keyboard_controller' build argument 'cmake_args' from command line to 'None'
[0.501s] Level 5:colcon.colcon_core.verb:set package 'turtle_keyboard_controller' build argument 'cmake_target' from command line to 'None'
[0.501s] Level 5:colcon.colcon_core.verb:set package 'turtle_keyboard_controller' build argument 'cmake_target_skip_unavailable' from command line to 'False'
[0.501s] Level 5:colcon.colcon_core.verb:set package 'turtle_keyboard_controller' build argument 'cmake_clean_cache' from command line to 'False'
[0.501s] Level 5:colcon.colcon_core.verb:set package 'turtle_keyboard_controller' build argument 'cmake_clean_first' from command line to 'False'
[0.501s] Level 5:colcon.colcon_core.verb:set package 'turtle_keyboard_controller' build argument 'cmake_force_configure' from command line to 'False'
[0.501s] Level 5:colcon.colcon_core.verb:set package 'turtle_keyboard_controller' build argument 'ament_cmake_args' from command line to 'None'
[0.502s] Level 5:colcon.colcon_core.verb:set package 'turtle_keyboard_controller' build argument 'catkin_cmake_args' from command line to 'None'
[0.502s] Level 5:colcon.colcon_core.verb:set package 'turtle_keyboard_controller' build argument 'catkin_skip_building_tests' from command line to 'False'
[0.502s] DEBUG:colcon.colcon_core.verb:Building package 'turtle_keyboard_controller' with the following arguments: {'ament_cmake_args': None, 'build_base': '/home/joshikanamani/Ros2/Projects/TurtleSimController/ros2_ws/build/turtle_keyboard_controller', 'catkin_cmake_args': None, 'catkin_skip_building_tests': False, 'cmake_args': None, 'cmake_clean_cache': False, 'cmake_clean_first': False, 'cmake_force_configure': False, 'cmake_target': None, 'cmake_target_skip_unavailable': False, 'install_base': '/home/joshikanamani/Ros2/Projects/TurtleSimController/ros2_ws/install/turtle_keyboard_controller', 'merge_install': False, 'path': '/home/joshikanamani/Ros2/Projects/TurtleSimController/ros2_ws/src/turtle_keyboard_controller', 'symlink_install': False, 'test_result_base': None}
[0.502s] INFO:colcon.colcon_core.executor:Executing jobs using 'parallel' executor
[0.503s] DEBUG:colcon.colcon_parallel_executor.executor.parallel:run_until_complete
[0.503s] INFO:colcon.colcon_ros.task.ament_cmake.build:Building ROS package in '/home/joshikanamani/Ros2/Projects/TurtleSimController/ros2_ws/src/turtle_controller' with build type 'ament_cmake'
[0.503s] INFO:colcon.colcon_cmake.task.cmake.build:Building CMake package in '/home/joshikanamani/Ros2/Projects/TurtleSimController/ros2_ws/src/turtle_controller'
[0.505s] INFO:colcon.colcon_core.plugin_system:Skipping extension 'colcon_core.shell.bat': Not used on non-Windows systems
[0.505s] INFO:colcon.colcon_core.shell:Skip shell extension 'powershell' for command environment: Not usable outside of PowerShell
[0.505s] DEBUG:colcon.colcon_core.shell:Skip shell extension 'dsv' for command environment
[0.510s] INFO:colcon.colcon_ros.task.ament_cmake.build:Building ROS package in '/home/joshikanamani/Ros2/Projects/TurtleSimController/ros2_ws/src/turtle_keyboard_controller' with build type 'ament_cmake'
[0.510s] INFO:colcon.colcon_cmake.task.cmake.build:Building CMake package in '/home/joshikanamani/Ros2/Projects/TurtleSimController/ros2_ws/src/turtle_keyboard_controller'
[0.511s] INFO:colcon.colcon_core.shell:Skip shell extension 'powershell' for command environment: Not usable outside of PowerShell
[0.511s] DEBUG:colcon.colcon_core.shell:Skip shell extension 'dsv' for command environment
[0.523s] DEBUG:colcon.colcon_core.event_handler.log_command:Invoking command in '/home/joshikanamani/Ros2/Projects/TurtleSimController/ros2_ws/build/turtle_controller': CMAKE_PREFIX_PATH=${CMAKE_PREFIX_PATH}:/opt/ros/foxy /usr/local/bin/cmake --build /home/joshikanamani/Ros2/Projects/TurtleSimController/ros2_ws/build/turtle_controller -- -j8 -l8
[0.529s] DEBUG:colcon.colcon_core.event_handler.log_command:Invoking command in '/home/joshikanamani/Ros2/Projects/TurtleSimController/ros2_ws/build/turtle_keyboard_controller': CMAKE_PREFIX_PATH=${CMAKE_PREFIX_PATH}:/opt/ros/foxy /usr/local/bin/cmake /home/joshikanamani/Ros2/Projects/TurtleSimController/ros2_ws/src/turtle_keyboard_controller -DCMAKE_INSTALL_PREFIX=/home/joshikanamani/Ros2/Projects/TurtleSimController/ros2_ws/install/turtle_keyboard_controller
[0.554s] DEBUG:colcon.colcon_core.event_handler.log_command:Invoked command in '/home/joshikanamani/Ros2/Projects/TurtleSimController/ros2_ws/build/turtle_controller' returned '0': CMAKE_PREFIX_PATH=${CMAKE_PREFIX_PATH}:/opt/ros/foxy /usr/local/bin/cmake --build /home/joshikanamani/Ros2/Projects/TurtleSimController/ros2_ws/build/turtle_controller -- -j8 -l8
[0.561s] DEBUG:colcon.colcon_core.event_handler.log_command:Invoking command in '/home/joshikanamani/Ros2/Projects/TurtleSimController/ros2_ws/build/turtle_controller': CMAKE_PREFIX_PATH=${CMAKE_PREFIX_PATH}:/opt/ros/foxy /usr/local/bin/cmake --install /home/joshikanamani/Ros2/Projects/TurtleSimController/ros2_ws/build/turtle_controller
[0.566s] Level 1:colcon.colcon_core.environment:create_environment_scripts_only(turtle_controller)
[0.567s] DEBUG:colcon.colcon_core.event_handler.log_command:Invoked command in '/home/joshikanamani/Ros2/Projects/TurtleSimController/ros2_ws/build/turtle_controller' returned '0': CMAKE_PREFIX_PATH=${CMAKE_PREFIX_PATH}:/opt/ros/foxy /usr/local/bin/cmake --install /home/joshikanamani/Ros2/Projects/TurtleSimController/ros2_ws/build/turtle_controller
[0.569s] Level 1:colcon.colcon_core.environment:checking '/home/joshikanamani/Ros2/Projects/TurtleSimController/ros2_ws/install/turtle_controller' for CMake module files
[0.569s] Level 1:colcon.colcon_core.environment:checking '/home/joshikanamani/Ros2/Projects/TurtleSimController/ros2_ws/install/turtle_controller' for CMake config files
[0.570s] Level 1:colcon.colcon_core.shell:create_environment_hook('turtle_controller', 'cmake_prefix_path')
[0.570s] INFO:colcon.colcon_core.shell:Creating environment hook '/home/joshikanamani/Ros2/Projects/TurtleSimController/ros2_ws/install/turtle_controller/share/turtle_controller/hook/cmake_prefix_path.ps1'
[0.570s] INFO:colcon.colcon_core.shell:Creating environment descriptor '/home/joshikanamani/Ros2/Projects/TurtleSimController/ros2_ws/install/turtle_controller/share/turtle_controller/hook/cmake_prefix_path.dsv'
[0.571s] INFO:colcon.colcon_core.shell:Creating environment hook '/home/joshikanamani/Ros2/Projects/TurtleSimController/ros2_ws/install/turtle_controller/share/turtle_controller/hook/cmake_prefix_path.sh'
[0.572s] Level 1:colcon.colcon_core.environment:checking '/home/joshikanamani/Ros2/Projects/TurtleSimController/ros2_ws/install/turtle_controller/lib'
[0.572s] Level 1:colcon.colcon_core.environment:checking '/home/joshikanamani/Ros2/Projects/TurtleSimController/ros2_ws/install/turtle_controller/bin'
[0.572s] Level 1:colcon.colcon_core.environment:checking '/home/joshikanamani/Ros2/Projects/TurtleSimController/ros2_ws/install/turtle_controller/lib/pkgconfig/turtle_controller.pc'
[0.572s] Level 1:colcon.colcon_core.environment:checking '/home/joshikanamani/Ros2/Projects/TurtleSimController/ros2_ws/install/turtle_controller/lib/python3.8/site-packages'
[0.572s] Level 1:colcon.colcon_core.environment:checking '/home/joshikanamani/Ros2/Projects/TurtleSimController/ros2_ws/install/turtle_controller/bin'
[0.573s] INFO:colcon.colcon_core.shell:Creating package script '/home/joshikanamani/Ros2/Projects/TurtleSimController/ros2_ws/install/turtle_controller/share/turtle_controller/package.ps1'
[0.573s] INFO:colcon.colcon_core.shell:Creating package descriptor '/home/joshikanamani/Ros2/Projects/TurtleSimController/ros2_ws/install/turtle_controller/share/turtle_controller/package.dsv'
[0.574s] INFO:colcon.colcon_core.shell:Creating package script '/home/joshikanamani/Ros2/Projects/TurtleSimController/ros2_ws/install/turtle_controller/share/turtle_controller/package.sh'
[0.575s] INFO:colcon.colcon_core.shell:Creating package script '/home/joshikanamani/Ros2/Projects/TurtleSimController/ros2_ws/install/turtle_controller/share/turtle_controller/package.bash'
[0.575s] INFO:colcon.colcon_core.shell:Creating package script '/home/joshikanamani/Ros2/Projects/TurtleSimController/ros2_ws/install/turtle_controller/share/turtle_controller/package.zsh'
[0.576s] Level 1:colcon.colcon_core.environment:create_file_with_runtime_dependencies(/home/joshikanamani/Ros2/Projects/TurtleSimController/ros2_ws/install/turtle_controller/share/colcon-core/packages/turtle_controller)
[0.576s] Level 1:colcon.colcon_core.environment:create_environment_scripts_only(turtle_controller)
[0.577s] Level 1:colcon.colcon_core.environment:checking '/home/joshikanamani/Ros2/Projects/TurtleSimController/ros2_ws/install/turtle_controller' for CMake module files
[0.577s] Level 1:colcon.colcon_core.environment:checking '/home/joshikanamani/Ros2/Projects/TurtleSimController/ros2_ws/install/turtle_controller' for CMake config files
[0.577s] Level 1:colcon.colcon_core.shell:create_environment_hook('turtle_controller', 'cmake_prefix_path')
[0.578s] INFO:colcon.colcon_core.shell:Creating environment hook '/home/joshikanamani/Ros2/Projects/TurtleSimController/ros2_ws/install/turtle_controller/share/turtle_controller/hook/cmake_prefix_path.ps1'
[0.578s] INFO:colcon.colcon_core.shell:Creating environment descriptor '/home/joshikanamani/Ros2/Projects/TurtleSimController/ros2_ws/install/turtle_controller/share/turtle_controller/hook/cmake_prefix_path.dsv'
[0.578s] INFO:colcon.colcon_core.shell:Creating environment hook '/home/joshikanamani/Ros2/Projects/TurtleSimController/ros2_ws/install/turtle_controller/share/turtle_controller/hook/cmake_prefix_path.sh'
[0.579s] Level 1:colcon.colcon_core.environment:checking '/home/joshikanamani/Ros2/Projects/TurtleSimController/ros2_ws/install/turtle_controller/lib'
[0.579s] Level 1:colcon.colcon_core.environment:checking '/home/joshikanamani/Ros2/Projects/TurtleSimController/ros2_ws/install/turtle_controller/bin'
[0.579s] Level 1:colcon.colcon_core.environment:checking '/home/joshikanamani/Ros2/Projects/TurtleSimController/ros2_ws/install/turtle_controller/lib/pkgconfig/turtle_controller.pc'
[0.579s] Level 1:colcon.colcon_core.environment:checking '/home/joshikanamani/Ros2/Projects/TurtleSimController/ros2_ws/install/turtle_controller/lib/python3.8/site-packages'
[0.579s] Level 1:colcon.colcon_core.environment:checking '/home/joshikanamani/Ros2/Projects/TurtleSimController/ros2_ws/install/turtle_controller/bin'
[0.579s] INFO:colcon.colcon_core.shell:Creating package script '/home/joshikanamani/Ros2/Projects/TurtleSimController/ros2_ws/install/turtle_controller/share/turtle_controller/package.ps1'
[0.580s] INFO:colcon.colcon_core.shell:Creating package descriptor '/home/joshikanamani/Ros2/Projects/TurtleSimController/ros2_ws/install/turtle_controller/share/turtle_controller/package.dsv'
[0.580s] INFO:colcon.colcon_core.shell:Creating package script '/home/joshikanamani/Ros2/Projects/TurtleSimController/ros2_ws/install/turtle_controller/share/turtle_controller/package.sh'
[0.580s] INFO:colcon.colcon_core.shell:Creating package script '/home/joshikanamani/Ros2/Projects/TurtleSimController/ros2_ws/install/turtle_controller/share/turtle_controller/package.bash'
[0.581s] INFO:colcon.colcon_core.shell:Creating package script '/home/joshikanamani/Ros2/Projects/TurtleSimController/ros2_ws/install/turtle_controller/share/turtle_controller/package.zsh'
[0.581s] Level 1:colcon.colcon_core.environment:create_file_with_runtime_dependencies(/home/joshikanamani/Ros2/Projects/TurtleSimController/ros2_ws/install/turtle_controller/share/colcon-core/packages/turtle_controller)
[2.200s] DEBUG:colcon.colcon_core.event_handler.log_command:Invoked command in '/home/joshikanamani/Ros2/Projects/TurtleSimController/ros2_ws/build/turtle_keyboard_controller' returned '1': CMAKE_PREFIX_PATH=${CMAKE_PREFIX_PATH}:/opt/ros/foxy /usr/local/bin/cmake /home/joshikanamani/Ros2/Projects/TurtleSimController/ros2_ws/src/turtle_keyboard_controller -DCMAKE_INSTALL_PREFIX=/home/joshikanamani/Ros2/Projects/TurtleSimController/ros2_ws/install/turtle_keyboard_controller
[2.212s] Level 1:colcon.colcon_core.environment:create_environment_scripts_only(turtle_keyboard_controller)
[2.213s] Level 1:colcon.colcon_core.environment:checking '/home/joshikanamani/Ros2/Projects/TurtleSimController/ros2_ws/install/turtle_keyboard_controller' for CMake module files
[2.213s] Level 1:colcon.colcon_core.environment:checking '/home/joshikanamani/Ros2/Projects/TurtleSimController/ros2_ws/install/turtle_keyboard_controller' for CMake config files
[2.214s] Level 1:colcon.colcon_core.environment:checking '/home/joshikanamani/Ros2/Projects/TurtleSimController/ros2_ws/install/turtle_keyboard_controller/bin'
[2.214s] Level 1:colcon.colcon_core.environment:checking '/home/joshikanamani/Ros2/Projects/TurtleSimController/ros2_ws/install/turtle_keyboard_controller/lib/pkgconfig/turtle_keyboard_controller.pc'
[2.214s] Level 1:colcon.colcon_core.environment:checking '/home/joshikanamani/Ros2/Projects/TurtleSimController/ros2_ws/install/turtle_keyboard_controller/lib/python3.8/site-packages'
[2.215s] Level 1:colcon.colcon_core.environment:checking '/home/joshikanamani/Ros2/Projects/TurtleSimController/ros2_ws/install/turtle_keyboard_controller/bin'
[2.215s] INFO:colcon.colcon_core.shell:Creating package script '/home/joshikanamani/Ros2/Projects/TurtleSimController/ros2_ws/install/turtle_keyboard_controller/share/turtle_keyboard_controller/package.ps1'
[2.216s] INFO:colcon.colcon_core.shell:Creating package descriptor '/home/joshikanamani/Ros2/Projects/TurtleSimController/ros2_ws/install/turtle_keyboard_controller/share/turtle_keyboard_controller/package.dsv'
[2.217s] INFO:colcon.colcon_core.shell:Creating package script '/home/joshikanamani/Ros2/Projects/TurtleSimController/ros2_ws/install/turtle_keyboard_controller/share/turtle_keyboard_controller/package.sh'
[2.217s] INFO:colcon.colcon_core.shell:Creating package script '/home/joshikanamani/Ros2/Projects/TurtleSimController/ros2_ws/install/turtle_keyboard_controller/share/turtle_keyboard_controller/package.bash'
[2.218s] INFO:colcon.colcon_core.shell:Creating package script '/home/joshikanamani/Ros2/Projects/TurtleSimController/ros2_ws/install/turtle_keyboard_controller/share/turtle_keyboard_controller/package.zsh'
[2.218s] Level 1:colcon.colcon_core.environment:create_file_with_runtime_dependencies(/home/joshikanamani/Ros2/Projects/TurtleSimController/ros2_ws/install/turtle_keyboard_controller/share/colcon-core/packages/turtle_keyboard_controller)
[2.229s] DEBUG:colcon.colcon_parallel_executor.executor.parallel:closing loop
[2.230s] DEBUG:colcon.colcon_parallel_executor.executor.parallel:loop closed
[2.230s] DEBUG:colcon.colcon_parallel_executor.executor.parallel:run_until_complete finished with '1'
[2.230s] DEBUG:colcon.colcon_core.event_reactor:joining thread
[2.243s] INFO:colcon.colcon_core.plugin_system:Skipping extension 'colcon_notification.desktop_notification.terminal_notifier': Not used on non-Darwin systems
[2.243s] INFO:colcon.colcon_core.plugin_system:Skipping extension 'colcon_notification.desktop_notification.win32': Not used on non-Windows systems
[2.243s] INFO:colcon.colcon_notification.desktop_notification:Sending desktop notification using 'notify2'
[2.271s] DEBUG:colcon.colcon_core.event_reactor:joined thread
[2.272s] INFO:colcon.colcon_core.shell:Creating prefix script '/home/joshikanamani/Ros2/Projects/TurtleSimController/ros2_ws/install/local_setup.ps1'
[2.274s] INFO:colcon.colcon_core.shell:Creating prefix util module '/home/joshikanamani/Ros2/Projects/TurtleSimController/ros2_ws/install/_local_setup_util_ps1.py'
[2.276s] INFO:colcon.colcon_core.shell:Creating prefix chain script '/home/joshikanamani/Ros2/Projects/TurtleSimController/ros2_ws/install/setup.ps1'
[2.279s] INFO:colcon.colcon_core.shell:Creating prefix script '/home/joshikanamani/Ros2/Projects/TurtleSimController/ros2_ws/install/local_setup.sh'
[2.280s] INFO:colcon.colcon_core.shell:Creating prefix util module '/home/joshikanamani/Ros2/Projects/TurtleSimController/ros2_ws/install/_local_setup_util_sh.py'
[2.281s] INFO:colcon.colcon_core.shell:Creating prefix chain script '/home/joshikanamani/Ros2/Projects/TurtleSimController/ros2_ws/install/setup.sh'
[2.283s] INFO:colcon.colcon_core.shell:Creating prefix script '/home/joshikanamani/Ros2/Projects/TurtleSimController/ros2_ws/install/local_setup.bash'
[2.284s] INFO:colcon.colcon_core.shell:Creating prefix chain script '/home/joshikanamani/Ros2/Projects/TurtleSimController/ros2_ws/install/setup.bash'
[2.286s] INFO:colcon.colcon_core.shell:Creating prefix script '/home/joshikanamani/Ros2/Projects/TurtleSimController/ros2_ws/install/local_setup.zsh'
[2.287s] INFO:colcon.colcon_core.shell:Creating prefix chain script '/home/joshikanamani/Ros2/Projects/TurtleSimController/ros2_ws/install/setup.zsh'
