[0.017s] Invoking command in '/home/joshikanamani/Ros2/Projects/TurtleSimController/ros2_ws/build/turtle_keyboard_controller': CMAKE_PREFIX_PATH=${CMAKE_PREFIX_PATH}:/opt/ros/foxy /usr/local/bin/cmake /home/joshikanamani/Ros2/Projects/TurtleSimController/ros2_ws/src/turtle_keyboard_controller -DCMAKE_INSTALL_PREFIX=/home/joshikanamani/Ros2/Projects/TurtleSimController/ros2_ws/install/turtle_keyboard_controller
[0.025s] -- Found ament_cmake: 0.9.12 (/opt/ros/foxy/share/ament_cmake/cmake)
[0.048s] -- Using PYTHON_EXECUTABLE: /usr/bin/python3
[0.244s] -- Found rclcpp: 2.4.3 (/opt/ros/foxy/share/rclcpp/cmake)
[0.289s] -- Using all available rosidl_typesupport_c: rosidl_typesupport_fastrtps_c;rosidl_typesupport_introspection_c
[0.294s] -- Found rosidl_adapter: 1.3.1 (/opt/ros/foxy/share/rosidl_adapter/cmake)
[0.423s] -- Using all available rosidl_typesupport_cpp: rosidl_typesupport_fastrtps_cpp;rosidl_typesupport_introspection_cpp
[0.466s] -- Found rmw_implementation_cmake: 1.0.4 (/opt/ros/foxy/share/rmw_implementation_cmake/cmake)
[0.468s] -- Using RMW implementation 'rmw_fastrtps_cpp' as default
[0.591s] -- Found geometry_msgs: 2.0.5 (/opt/ros/foxy/share/geometry_msgs/cmake)
[0.621s] -- Found ament_lint_auto: 0.9.8 (/opt/ros/foxy/share/ament_lint_auto/cmake)
[0.715s] -- Added test 'copyright' to check source files copyright and LICENSE
[0.715s] -- Added test 'cppcheck' to perform static code analysis on C / C++ code
[0.715s] -- Configured cppcheck include dirs: 
[0.715s] -- Configured cppcheck exclude dirs and/or files: 
[0.716s] -- Added test 'cpplint' to check C / C++ code against the Google style
[0.716s] -- Configured cpplint exclude dirs and/or files: 
[0.717s] -- Added test 'lint_cmake' to check CMake code style
[0.718s] -- Added test 'uncrustify' to check C / C++ code style
[0.718s] -- Configured uncrustify additional arguments: 
[0.719s] -- Added test 'xmllint' to check XML markup files
[0.719s] -- Configuring done
[0.732s] -- Generating done
[0.738s] -- Build files have been written to: /home/joshikanamani/Ros2/Projects/TurtleSimController/ros2_ws/build/turtle_keyboard_controller
[0.748s] Invoked command in '/home/joshikanamani/Ros2/Projects/TurtleSimController/ros2_ws/build/turtle_keyboard_controller' returned '0': CMAKE_PREFIX_PATH=${CMAKE_PREFIX_PATH}:/opt/ros/foxy /usr/local/bin/cmake /home/joshikanamani/Ros2/Projects/TurtleSimController/ros2_ws/src/turtle_keyboard_controller -DCMAKE_INSTALL_PREFIX=/home/joshikanamani/Ros2/Projects/TurtleSimController/ros2_ws/install/turtle_keyboard_controller
[0.752s] Invoking command in '/home/joshikanamani/Ros2/Projects/TurtleSimController/ros2_ws/build/turtle_keyboard_controller': CMAKE_PREFIX_PATH=${CMAKE_PREFIX_PATH}:/opt/ros/foxy /usr/local/bin/cmake --build /home/joshikanamani/Ros2/Projects/TurtleSimController/ros2_ws/build/turtle_keyboard_controller -- -j8 -l8
[0.786s] [35m[1mScanning dependencies of target turtle_keyboard_controller[0m
[0.824s] [ 50%] [32mBuilding CXX object CMakeFiles/turtle_keyboard_controller.dir/src/turtle_keyboard_controller.cpp.o[0m
[3.573s] [100%] [32m[1mLinking CXX executable turtle_keyboard_controller[0m
[3.732s] [100%] Built target turtle_keyboard_controller
[3.736s] Invoked command in '/home/joshikanamani/Ros2/Projects/TurtleSimController/ros2_ws/build/turtle_keyboard_controller' returned '0': CMAKE_PREFIX_PATH=${CMAKE_PREFIX_PATH}:/opt/ros/foxy /usr/local/bin/cmake --build /home/joshikanamani/Ros2/Projects/TurtleSimController/ros2_ws/build/turtle_keyboard_controller -- -j8 -l8
[3.739s] Invoking command in '/home/joshikanamani/Ros2/Projects/TurtleSimController/ros2_ws/build/turtle_keyboard_controller': CMAKE_PREFIX_PATH=${CMAKE_PREFIX_PATH}:/opt/ros/foxy /usr/local/bin/cmake --install /home/joshikanamani/Ros2/Projects/TurtleSimController/ros2_ws/build/turtle_keyboard_controller
[3.743s] -- Install configuration: ""
[3.743s] -- Installing: /home/joshikanamani/Ros2/Projects/TurtleSimController/ros2_ws/install/turtle_keyboard_controller/lib/turtle_keyboard_controller/turtle_keyboard_controller
[3.743s] -- Set runtime path of "/home/joshikanamani/Ros2/Projects/TurtleSimController/ros2_ws/install/turtle_keyboard_controller/lib/turtle_keyboard_controller/turtle_keyboard_controller" to ""
[3.743s] -- Installing: /home/joshikanamani/Ros2/Projects/TurtleSimController/ros2_ws/install/turtle_keyboard_controller/share/ament_index/resource_index/package_run_dependencies/turtle_keyboard_controller
[3.744s] -- Installing: /home/joshikanamani/Ros2/Projects/TurtleSimController/ros2_ws/install/turtle_keyboard_controller/share/ament_index/resource_index/parent_prefix_path/turtle_keyboard_controller
[3.744s] -- Installing: /home/joshikanamani/Ros2/Projects/TurtleSimController/ros2_ws/install/turtle_keyboard_controller/share/turtle_keyboard_controller/environment/ament_prefix_path.sh
[3.744s] -- Installing: /home/joshikanamani/Ros2/Projects/TurtleSimController/ros2_ws/install/turtle_keyboard_controller/share/turtle_keyboard_controller/environment/ament_prefix_path.dsv
[3.744s] -- Installing: /home/joshikanamani/Ros2/Projects/TurtleSimController/ros2_ws/install/turtle_keyboard_controller/share/turtle_keyboard_controller/environment/path.sh
[3.744s] -- Installing: /home/joshikanamani/Ros2/Projects/TurtleSimController/ros2_ws/install/turtle_keyboard_controller/share/turtle_keyboard_controller/environment/path.dsv
[3.744s] -- Installing: /home/joshikanamani/Ros2/Projects/TurtleSimController/ros2_ws/install/turtle_keyboard_controller/share/turtle_keyboard_controller/local_setup.bash
[3.744s] -- Installing: /home/joshikanamani/Ros2/Projects/TurtleSimController/ros2_ws/install/turtle_keyboard_controller/share/turtle_keyboard_controller/local_setup.sh
[3.744s] -- Installing: /home/joshikanamani/Ros2/Projects/TurtleSimController/ros2_ws/install/turtle_keyboard_controller/share/turtle_keyboard_controller/local_setup.zsh
[3.744s] -- Installing: /home/joshikanamani/Ros2/Projects/TurtleSimController/ros2_ws/install/turtle_keyboard_controller/share/turtle_keyboard_controller/local_setup.dsv
[3.744s] -- Installing: /home/joshikanamani/Ros2/Projects/TurtleSimController/ros2_ws/install/turtle_keyboard_controller/share/turtle_keyboard_controller/package.dsv
[3.745s] -- Installing: /home/joshikanamani/Ros2/Projects/TurtleSimController/ros2_ws/install/turtle_keyboard_controller/share/ament_index/resource_index/packages/turtle_keyboard_controller
[3.745s] -- Installing: /home/joshikanamani/Ros2/Projects/TurtleSimController/ros2_ws/install/turtle_keyboard_controller/share/turtle_keyboard_controller/cmake/turtle_keyboard_controllerConfig.cmake
[3.745s] -- Installing: /home/joshikanamani/Ros2/Projects/TurtleSimController/ros2_ws/install/turtle_keyboard_controller/share/turtle_keyboard_controller/cmake/turtle_keyboard_controllerConfig-version.cmake
[3.745s] -- Installing: /home/joshikanamani/Ros2/Projects/TurtleSimController/ros2_ws/install/turtle_keyboard_controller/share/turtle_keyboard_controller/package.xml
[3.746s] Invoked command in '/home/joshikanamani/Ros2/Projects/TurtleSimController/ros2_ws/build/turtle_keyboard_controller' returned '0': CMAKE_PREFIX_PATH=${CMAKE_PREFIX_PATH}:/opt/ros/foxy /usr/local/bin/cmake --install /home/joshikanamani/Ros2/Projects/TurtleSimController/ros2_ws/build/turtle_keyboard_controller
