[0.018s] Invoking command in '/home/joshikanamani/Ros2/Projects/TurtleSimController/ros2_ws/build/turtle_keyboard_controller': CMAKE_PREFIX_PATH=${CMAKE_PREFIX_PATH}:/opt/ros/foxy /usr/local/bin/cmake /home/joshikanamani/Ros2/Projects/TurtleSimController/ros2_ws/src/turtle_keyboard_controller -DCMAKE_INSTALL_PREFIX=/home/joshikanamani/Ros2/Projects/TurtleSimController/ros2_ws/install/turtle_keyboard_controller
[0.064s] -- The C compiler identification is GNU 9.4.0
[0.148s] -- The CXX compiler identification is GNU 9.4.0
[0.162s] -- Detecting C compiler ABI info
[0.231s] -- Detecting C compiler ABI info - done
[0.251s] -- Check for working C compiler: /usr/lib/ccache/cc - skipped
[0.251s] -- Detecting C compile features
[0.252s] -- Detecting C compile features - done
[0.258s] -- Detecting CXX compiler ABI info
[0.345s] -- Detecting CXX compiler ABI info - done
[0.362s] -- Check for working CXX compiler: /usr/lib/ccache/c++ - skipped
[0.363s] -- Detecting CXX compile features
[0.364s] -- Detecting CXX compile features - done
[0.366s] -- Found ament_cmake: 0.9.12 (/opt/ros/foxy/share/ament_cmake/cmake)
[0.399s] -- Found PythonInterp: /usr/bin/python3 (found suitable version "3.8.10", minimum required is "3") 
[0.400s] -- Using PYTHON_EXECUTABLE: /usr/bin/python3
[0.647s] -- Found rclcpp: 2.4.3 (/opt/ros/foxy/share/rclcpp/cmake)
[0.710s] -- Using all available rosidl_typesupport_c: rosidl_typesupport_fastrtps_c;rosidl_typesupport_introspection_c
[0.717s] -- Found rosidl_adapter: 1.3.1 (/opt/ros/foxy/share/rosidl_adapter/cmake)
[0.818s] -- Found OpenSSL: /usr/lib/x86_64-linux-gnu/libcrypto.so (found version "1.1.1f")  
[0.871s] -- Found FastRTPS: /opt/ros/foxy/include  
[0.953s] -- Using all available rosidl_typesupport_cpp: rosidl_typesupport_fastrtps_cpp;rosidl_typesupport_introspection_cpp
[1.006s] -- Found rmw_implementation_cmake: 1.0.4 (/opt/ros/foxy/share/rmw_implementation_cmake/cmake)
[1.007s] -- Using RMW implementation 'rmw_fastrtps_cpp' as default
[1.008s] -- Looking for pthread.h
[1.097s] -- Looking for pthread.h - found
[1.098s] -- Performing Test CMAKE_HAVE_LIBC_PTHREAD
[1.220s] -- Performing Test CMAKE_HAVE_LIBC_PTHREAD - Failed
[1.221s] -- Looking for pthread_create in pthreads
[1.270s] -- Looking for pthread_create in pthreads - not found
[1.270s] -- Looking for pthread_create in pthread
[1.344s] -- Looking for pthread_create in pthread - found
[1.346s] -- Found Threads: TRUE  
[1.516s] -- Found geometry_msgs: 2.0.5 (/opt/ros/foxy/share/geometry_msgs/cmake)
[1.549s] -- Found ament_lint_auto: 0.9.8 (/opt/ros/foxy/share/ament_lint_auto/cmake)
[1.665s] -- Added test 'copyright' to check source files copyright and LICENSE
[1.668s] -- Added test 'lint_cmake' to check CMake code style
[1.670s] -- Added test 'xmllint' to check XML markup files
[1.673s] -- Configuring done
[1.676s] CMake Error at CMakeLists.txt:34 (add_executable):
[1.676s]   Cannot find source file:
[1.677s] 
[1.677s]     src/turtle_keyboard_controller.cpp
[1.677s] 
[1.677s]   Tried extensions .c .C .c++ .cc .cpp .cxx .cu .m .M .mm .h .hh .h++ .hm
[1.677s]   .hpp .hxx .in .txx
[1.677s] 
[1.677s] 
[1.678s] CMake Error at CMakeLists.txt:34 (add_executable):
[1.678s]   No SOURCES given to target: turtle_keyboard_controller
[1.678s] 
[1.678s] 
[1.679s] CMake Generate step failed.  Build files cannot be regenerated correctly.
[1.689s] Invoked command in '/home/joshikanamani/Ros2/Projects/TurtleSimController/ros2_ws/build/turtle_keyboard_controller' returned '1': CMAKE_PREFIX_PATH=${CMAKE_PREFIX_PATH}:/opt/ros/foxy /usr/local/bin/cmake /home/joshikanamani/Ros2/Projects/TurtleSimController/ros2_ws/src/turtle_keyboard_controller -DCMAKE_INSTALL_PREFIX=/home/joshikanamani/Ros2/Projects/TurtleSimController/ros2_ws/install/turtle_keyboard_controller
