[0.017s] Invoking command in '/home/joshikanamani/Ros2/Projects/TurtleSimController/ros2_ws/build/turtle_keyboard_controller': CMAKE_PREFIX_PATH=${CMAKE_PREFIX_PATH}:/opt/ros/foxy /usr/local/bin/cmake /home/joshikanamani/Ros2/Projects/TurtleSimController/ros2_ws/src/turtle_keyboard_controller -DCMAKE_INSTALL_PREFIX=/home/joshikanamani/Ros2/Projects/TurtleSimController/ros2_ws/install/turtle_keyboard_controller
[0.025s] -- Found ament_cmake: 0.9.12 (/opt/ros/foxy/share/ament_cmake/cmake)
[0.047s] -- Using PYTHON_EXECUTABLE: /usr/bin/python3
[0.239s] -- Found rclcpp: 2.4.3 (/opt/ros/foxy/share/rclcpp/cmake)
[0.286s] -- Using all available rosidl_typesupport_c: rosidl_typesupport_fastrtps_c;rosidl_typesupport_introspection_c
[0.291s] -- Found rosidl_adapter: 1.3.1 (/opt/ros/foxy/share/rosidl_adapter/cmake)
[0.421s] -- Using all available rosidl_typesupport_cpp: rosidl_typesupport_fastrtps_cpp;rosidl_typesupport_introspection_cpp
[0.465s] -- Found rmw_implementation_cmake: 1.0.4 (/opt/ros/foxy/share/rmw_implementation_cmake/cmake)
[0.466s] -- Using RMW implementation 'rmw_fastrtps_cpp' as default
[0.592s] -- Found geometry_msgs: 2.0.5 (/opt/ros/foxy/share/geometry_msgs/cmake)
[0.622s] -- Found ament_lint_auto: 0.9.8 (/opt/ros/foxy/share/ament_lint_auto/cmake)
[0.718s] -- Added test 'copyright' to check source files copyright and LICENSE
[0.719s] -- Added test 'lint_cmake' to check CMake code style
[0.720s] -- Added test 'xmllint' to check XML markup files
[0.721s] -- Configuring done
[0.723s] CMake Error at CMakeLists.txt:23 (add_executable):
[0.723s]   Cannot find source file:
[0.724s] 
[0.724s]     src/turtle_keyboard_controller.cpp
[0.724s] 
[0.724s]   Tried extensions .c .C .c++ .cc .cpp .cxx .cu .m .M .mm .h .hh .h++ .hm
[0.724s]   .hpp .hxx .in .txx
[0.724s] 
[0.724s] 
[0.725s] CMake Error at CMakeLists.txt:23 (add_executable):
[0.725s]   No SOURCES given to target: turtle_keyboard_controller
[0.725s] 
[0.725s] 
[0.725s] CMake Generate step failed.  Build files cannot be regenerated correctly.
[0.734s] Invoked command in '/home/joshikanamani/Ros2/Projects/TurtleSimController/ros2_ws/build/turtle_keyboard_controller' returned '1': CMAKE_PREFIX_PATH=${CMAKE_PREFIX_PATH}:/opt/ros/foxy /usr/local/bin/cmake /home/joshikanamani/Ros2/Projects/TurtleSimController/ros2_ws/src/turtle_keyboard_controller -DCMAKE_INSTALL_PREFIX=/home/joshikanamani/Ros2/Projects/TurtleSimController/ros2_ws/install/turtle_keyboard_controller
